2025-11-09 15:22:46 [[31merror[39m] : ReferenceError: err is not defined
    at googleLogin (file:///D:/Connectly/Backend/src/controllers/auth.js:127:43)
    at process.processTicksAndRejections (node:internal/process/task_queues:105:5)
2025-11-09 15:24:30 [[31merror[39m] : Login failed
2025-11-09 15:24:30 [[31merror[39m] : ReferenceError: image is not defined
    at googleLogin (file:///D:/Connectly/Backend/src/controllers/auth.js:99:22)
    at process.processTicksAndRejections (node:internal/process/task_queues:105:5)
2025-11-09 15:29:22 [[31merror[39m] : token not verify
2025-11-09 20:28:24 [[31merror[39m] : Error: Validation failed
    at updateProfile (file:///D:/Connectly/Backend/src/controllers/profile.js:23:13)
    at Layer.handleRequest (D:\Connectly\Backend\node_modules\router\lib\layer.js:152:17)
    at next (D:\Connectly\Backend\node_modules\router\lib\route.js:157:13)
    at protect (file:///D:/Connectly/Backend/src/middleware/auth.middleware.js:21:5)
    at process.processTicksAndRejections (node:internal/process/task_queues:105:5)
2025-11-09 20:28:35 [[31merror[39m] : Error: Validation failed
    at updateProfile (file:///D:/Connectly/Backend/src/controllers/profile.js:23:13)
    at Layer.handleRequest (D:\Connectly\Backend\node_modules\router\lib\layer.js:152:17)
    at next (D:\Connectly\Backend\node_modules\router\lib\route.js:157:13)
    at protect (file:///D:/Connectly/Backend/src/middleware/auth.middleware.js:21:5)
    at process.processTicksAndRejections (node:internal/process/task_queues:105:5)
2025-11-09 20:29:05 [[31merror[39m] : Error: Validation failed
    at updateProfile (file:///D:/Connectly/Backend/src/controllers/profile.js:23:13)
    at Layer.handleRequest (D:\Connectly\Backend\node_modules\router\lib\layer.js:152:17)
    at next (D:\Connectly\Backend\node_modules\router\lib\route.js:157:13)
    at protect (file:///D:/Connectly/Backend/src/middleware/auth.middleware.js:21:5)
    at process.processTicksAndRejections (node:internal/process/task_queues:105:5)
2025-11-09 20:29:13 [[31merror[39m] : Error: Validation failed
    at updateProfile (file:///D:/Connectly/Backend/src/controllers/profile.js:23:13)
    at Layer.handleRequest (D:\Connectly\Backend\node_modules\router\lib\layer.js:152:17)
    at next (D:\Connectly\Backend\node_modules\router\lib\route.js:157:13)
    at protect (file:///D:/Connectly/Backend/src/middleware/auth.middleware.js:21:5)
    at process.processTicksAndRejections (node:internal/process/task_queues:105:5)
2025-11-09 20:30:53 [[31merror[39m] : Error: Validation failed
    at updateProfile (file:///D:/Connectly/Backend/src/controllers/profile.js:23:13)
    at Layer.handleRequest (D:\Connectly\Backend\node_modules\router\lib\layer.js:152:17)
    at next (D:\Connectly\Backend\node_modules\router\lib\route.js:157:13)
    at protect (file:///D:/Connectly/Backend/src/middleware/auth.middleware.js:21:5)
    at process.processTicksAndRejections (node:internal/process/task_queues:105:5)
2025-11-09 20:33:49 [[31merror[39m] : Error: Validation failed
    at updateProfile (file:///D:/Connectly/Backend/src/controllers/profile.js:24:13)
    at Layer.handleRequest (D:\Connectly\Backend\node_modules\router\lib\layer.js:152:17)
    at next (D:\Connectly\Backend\node_modules\router\lib\route.js:157:13)
    at protect (file:///D:/Connectly/Backend/src/middleware/auth.middleware.js:21:5)
    at process.processTicksAndRejections (node:internal/process/task_queues:105:5)
2025-11-09 20:34:13 [[31merror[39m] : Error: Validation failed
    at updateProfile (file:///D:/Connectly/Backend/src/controllers/profile.js:24:13)
    at Layer.handleRequest (D:\Connectly\Backend\node_modules\router\lib\layer.js:152:17)
    at next (D:\Connectly\Backend\node_modules\router\lib\route.js:157:13)
    at protect (file:///D:/Connectly/Backend/src/middleware/auth.middleware.js:21:5)
    at process.processTicksAndRejections (node:internal/process/task_queues:105:5)
2025-11-09 20:34:24 [[31merror[39m] : Error: Validation failed
    at updateProfile (file:///D:/Connectly/Backend/src/controllers/profile.js:24:13)
    at Layer.handleRequest (D:\Connectly\Backend\node_modules\router\lib\layer.js:152:17)
    at next (D:\Connectly\Backend\node_modules\router\lib\route.js:157:13)
    at protect (file:///D:/Connectly/Backend/src/middleware/auth.middleware.js:21:5)
    at process.processTicksAndRejections (node:internal/process/task_queues:105:5)
2025-11-09 20:35:05 [[31merror[39m] : Error: Validation failed
    at updateProfile (file:///D:/Connectly/Backend/src/controllers/profile.js:24:13)
    at Layer.handleRequest (D:\Connectly\Backend\node_modules\router\lib\layer.js:152:17)
    at next (D:\Connectly\Backend\node_modules\router\lib\route.js:157:13)
    at protect (file:///D:/Connectly/Backend/src/middleware/auth.middleware.js:21:5)
    at process.processTicksAndRejections (node:internal/process/task_queues:105:5)
2025-11-09 20:36:55 [[31merror[39m] : Error: Validation failed
    at updateProfile (file:///D:/Connectly/Backend/src/controllers/profile.js:24:13)
    at Layer.handleRequest (D:\Connectly\Backend\node_modules\router\lib\layer.js:152:17)
    at next (D:\Connectly\Backend\node_modules\router\lib\route.js:157:13)
    at protect (file:///D:/Connectly/Backend/src/middleware/auth.middleware.js:21:5)
    at process.processTicksAndRejections (node:internal/process/task_queues:105:5)
